<?xml version="1.0" encoding="UTF-8"?>
<!-- Generated by org.testng.reporters.JUnitXMLReporter -->
<testsuite ignored="0" hostname="LAPTOP-RM37J4GC" failures="0" tests="2" name="Default test" time="35.702" errors="0" timestamp="2023-08-19T02:04:49 EDT">
  <testcase classname="B7NGPRO.NGtesting12.Testingwithscreenshots" name="fbtextTestCase1" time="10.311"/>
  <testcase classname="B7NGPRO.NGtesting12.Testingwithscreenshots" name="fbtextTestCase2" time="10.236"/>
</testsuite> <!-- Default test -->
