<?xml version="1.0" encoding="UTF-8"?>
<!-- Generated by org.testng.reporters.JUnitXMLReporter -->
<testsuite ignored="0" hostname="LAPTOP-RM37J4GC" failures="0" tests="2" name="fbhome_restart edge browser" time="36.996" errors="0" timestamp="2023-08-19T09:29:07 EDT">
  <testcase classname="B7NGPRO.NGtesting12.Testingwithscreenshots" name="fbtextTestCase1" time="10.441"/>
  <testcase classname="B7NGPRO.NGtesting12.Testingwithscreenshots" name="fbtextTestCase2" time="10.3"/>
</testsuite> <!-- fbhome_restart edge browser -->
