<?xml version="1.0" encoding="UTF-8"?>
<!-- Generated by org.testng.reporters.JUnitXMLReporter -->
<testsuite ignored="0" hostname="LAPTOP-RM37J4GC" failures="0" tests="3" name="fbhome_restart browser" time="37.217" errors="0" timestamp="2023-08-19T11:07:32 EDT">
  <testcase classname="B7NGPRO.NGtesting12.NewTestDataProvider" name="f" time="5.177"/>
  <testcase classname="B7NGPRO.NGtesting12.NewTestDataProvider" name="f" time="5.145"/>
  <testcase classname="B7NGPRO.NGtesting12.NewTestDataProvider" name="f" time="5.123"/>
</testsuite> <!-- fbhome_restart browser -->
