<?xml version="1.0" encoding="UTF-8"?>
<testng-results ignored="0" total="3" passed="3" failed="0" skipped="0">
  <reporter-output>
  </reporter-output>
  <suite started-at="2023-08-19T11:06:55 EDT" name="regression" finished-at="2023-08-19T11:07:32 EDT" duration-ms="37217">
    <groups>
    </groups>
    <test started-at="2023-08-19T11:06:55 EDT" name="fbhome_restart browser" finished-at="2023-08-19T11:07:32 EDT" duration-ms="37217">
      <class name="B7NGPRO.NGtesting12.NewTestDataProvider">
        <test-method is-config="true" signature="beforeMethod(java.lang.String)[pri:0, instance:B7NGPRO.NGtesting12.NewTestDataProvider@10e31a9a]" started-at="2023-08-19T11:06:55 EDT" name="beforeMethod" finished-at="2023-08-19T11:07:02 EDT" duration-ms="7049" status="PASS">
          <params>
            <param index="0">
              <value>
                <![CDATA[Edge]]>
              </value>
            </param>
          </params>
          <reporter-output>
          </reporter-output>
        </test-method> <!-- beforeMethod -->
        <test-method signature="f(java.lang.String,java.lang.String)[pri:0, instance:B7NGPRO.NGtesting12.NewTestDataProvider@10e31a9a]" started-at="2023-08-19T11:07:02 EDT" name="f" data-provider="dp" finished-at="2023-08-19T11:07:07 EDT" duration-ms="5177" status="PASS">
          <params>
            <param index="0">
              <value>
                <![CDATA[elham.farhan@gmail.com]]>
              </value>
            </param>
            <param index="1">
              <value>
                <![CDATA[bbbbbbb]]>
              </value>
            </param>
          </params>
          <reporter-output>
          </reporter-output>
        </test-method> <!-- f -->
        <test-method is-config="true" signature="afterTest()[pri:0, instance:B7NGPRO.NGtesting12.NewTestDataProvider@10e31a9a]" started-at="2023-08-19T11:07:07 EDT" name="afterTest" finished-at="2023-08-19T11:07:07 EDT" duration-ms="368" status="PASS">
          <reporter-output>
          </reporter-output>
        </test-method> <!-- afterTest -->
        <test-method is-config="true" signature="beforeMethod(java.lang.String)[pri:0, instance:B7NGPRO.NGtesting12.NewTestDataProvider@10e31a9a]" started-at="2023-08-19T11:07:07 EDT" name="beforeMethod" finished-at="2023-08-19T11:07:14 EDT" duration-ms="6948" status="PASS">
          <params>
            <param index="0">
              <value>
                <![CDATA[Edge]]>
              </value>
            </param>
          </params>
          <reporter-output>
          </reporter-output>
        </test-method> <!-- beforeMethod -->
        <test-method signature="f(java.lang.String,java.lang.String)[pri:0, instance:B7NGPRO.NGtesting12.NewTestDataProvider@10e31a9a]" started-at="2023-08-19T11:07:14 EDT" name="f" data-provider="dp" finished-at="2023-08-19T11:07:19 EDT" duration-ms="5145" status="PASS">
          <params>
            <param index="0">
              <value>
                <![CDATA[abc@yahoo.com]]>
              </value>
            </param>
            <param index="1">
              <value>
                <![CDATA[nnnnnn]]>
              </value>
            </param>
          </params>
          <reporter-output>
          </reporter-output>
        </test-method> <!-- f -->
        <test-method is-config="true" signature="afterTest()[pri:0, instance:B7NGPRO.NGtesting12.NewTestDataProvider@10e31a9a]" started-at="2023-08-19T11:07:19 EDT" name="afterTest" finished-at="2023-08-19T11:07:20 EDT" duration-ms="376" status="PASS">
          <reporter-output>
          </reporter-output>
        </test-method> <!-- afterTest -->
        <test-method is-config="true" signature="beforeMethod(java.lang.String)[pri:0, instance:B7NGPRO.NGtesting12.NewTestDataProvider@10e31a9a]" started-at="2023-08-19T11:07:20 EDT" name="beforeMethod" finished-at="2023-08-19T11:07:26 EDT" duration-ms="6651" status="PASS">
          <params>
            <param index="0">
              <value>
                <![CDATA[Edge]]>
              </value>
            </param>
          </params>
          <reporter-output>
          </reporter-output>
        </test-method> <!-- beforeMethod -->
        <test-method signature="f(java.lang.String,java.lang.String)[pri:0, instance:B7NGPRO.NGtesting12.NewTestDataProvider@10e31a9a]" started-at="2023-08-19T11:07:26 EDT" name="f" data-provider="dp" finished-at="2023-08-19T11:07:31 EDT" duration-ms="5123" status="PASS">
          <params>
            <param index="0">
              <value>
                <![CDATA[mbn@yahoo.com]]>
              </value>
            </param>
            <param index="1">
              <value>
                <![CDATA[hhhnnn]]>
              </value>
            </param>
          </params>
          <reporter-output>
          </reporter-output>
        </test-method> <!-- f -->
        <test-method is-config="true" signature="afterTest()[pri:0, instance:B7NGPRO.NGtesting12.NewTestDataProvider@10e31a9a]" started-at="2023-08-19T11:07:31 EDT" name="afterTest" finished-at="2023-08-19T11:07:32 EDT" duration-ms="333" status="PASS">
          <reporter-output>
          </reporter-output>
        </test-method> <!-- afterTest -->
      </class> <!-- B7NGPRO.NGtesting12.NewTestDataProvider -->
    </test> <!-- fbhome_restart browser -->
  </suite> <!-- regression -->
</testng-results>
